<?xml version="1.0" encoding="UTF-8"?>
<robot generator="Robot 5.0.1 (Python 3.10.9 on win32)" generated="20221211 21:02:32.717" rpa="false" schemaversion="3">
<suite id="s1" name="Test Focus Voice" source="C:\CPE327-project\sea-m\robot\test_focus_voice.robot">
<test id="s1-t1" name="Check Focus&amp;Voice Login Page" line="38">
<kw name="Open Browser To Login Page">
<kw name="Open Browser" library="SeleniumLibrary">
<arg>${SERVER}</arg>
<arg>${BROWSER}</arg>
<doc>Opens a new browser instance to the optional ``url``.</doc>
<msg timestamp="20221211 21:02:32.889" level="INFO">Opening browser 'chrome' to base url 'http://localhost:3000'.</msg>
<status status="PASS" starttime="20221211 21:02:32.889" endtime="20221211 21:02:35.833"/>
</kw>
<kw name="Maximize Browser Window" library="SeleniumLibrary">
<doc>Maximizes current browser window.</doc>
<status status="PASS" starttime="20221211 21:02:35.833" endtime="20221211 21:02:36.000"/>
</kw>
<kw name="Set Selenium Speed" library="SeleniumLibrary">
<arg>${DELAY}</arg>
<doc>Sets the delay that is waited after each Selenium command.</doc>
<status status="PASS" starttime="20221211 21:02:36.000" endtime="20221211 21:02:36.000"/>
</kw>
<kw name="Title Should Be" library="SeleniumLibrary">
<arg>Sea-M</arg>
<doc>Verifies that the current page title equals ``title``.</doc>
<msg timestamp="20221211 21:02:36.007" level="INFO">Page title is 'Sea-M'.</msg>
<status status="PASS" starttime="20221211 21:02:36.000" endtime="20221211 21:02:36.007"/>
</kw>
<status status="PASS" starttime="20221211 21:02:32.889" endtime="20221211 21:02:36.007"/>
</kw>
<kw name="Press Keys" library="SeleniumLibrary">
<arg>None</arg>
<arg>TAB</arg>
<doc>Simulates the user pressing key(s) to an element or on the active browser.</doc>
<msg timestamp="20221211 21:02:36.009" level="INFO">Sending key(s) ('TAB',) to page.</msg>
<msg timestamp="20221211 21:02:36.009" level="INFO">Pressing special key TAB to browser.</msg>
<msg timestamp="20221211 21:02:36.009" level="INFO">Releasing special key TAB.</msg>
<status status="PASS" starttime="20221211 21:02:36.008" endtime="20221211 21:02:36.028"/>
</kw>
<kw name="Element Should Be Focused" library="SeleniumLibrary">
<arg>id:h1</arg>
<doc>Verifies that element identified by ``locator`` is focused.</doc>
<status status="PASS" starttime="20221211 21:02:36.028" endtime="20221211 21:02:36.076"/>
</kw>
<kw name="Press Keys" library="SeleniumLibrary">
<arg>None</arg>
<arg>TAB</arg>
<doc>Simulates the user pressing key(s) to an element or on the active browser.</doc>
<msg timestamp="20221211 21:02:36.077" level="INFO">Sending key(s) ('TAB',) to page.</msg>
<msg timestamp="20221211 21:02:36.077" level="INFO">Pressing special key TAB to browser.</msg>
<msg timestamp="20221211 21:02:36.077" level="INFO">Releasing special key TAB.</msg>
<status status="PASS" starttime="20221211 21:02:36.076" endtime="20221211 21:02:36.084"/>
</kw>
<kw name="Element Should Be Focused" library="SeleniumLibrary">
<arg>id:h3</arg>
<doc>Verifies that element identified by ``locator`` is focused.</doc>
<status status="PASS" starttime="20221211 21:02:36.085" endtime="20221211 21:02:36.096"/>
</kw>
<kw name="Press Keys" library="SeleniumLibrary">
<arg>None</arg>
<arg>TAB</arg>
<doc>Simulates the user pressing key(s) to an element or on the active browser.</doc>
<msg timestamp="20221211 21:02:36.096" level="INFO">Sending key(s) ('TAB',) to page.</msg>
<msg timestamp="20221211 21:02:36.096" level="INFO">Pressing special key TAB to browser.</msg>
<msg timestamp="20221211 21:02:36.097" level="INFO">Releasing special key TAB.</msg>
<status status="PASS" starttime="20221211 21:02:36.096" endtime="20221211 21:02:36.104"/>
</kw>
<kw name="Element Should Be Focused" library="SeleniumLibrary">
<arg>id:p</arg>
<doc>Verifies that element identified by ``locator`` is focused.</doc>
<status status="PASS" starttime="20221211 21:02:36.105" endtime="20221211 21:02:36.118"/>
</kw>
<kw name="Press Keys" library="SeleniumLibrary">
<arg>None</arg>
<arg>TAB</arg>
<doc>Simulates the user pressing key(s) to an element or on the active browser.</doc>
<msg timestamp="20221211 21:02:36.119" level="INFO">Sending key(s) ('TAB',) to page.</msg>
<msg timestamp="20221211 21:02:36.119" level="INFO">Pressing special key TAB to browser.</msg>
<msg timestamp="20221211 21:02:36.119" level="INFO">Releasing special key TAB.</msg>
<status status="PASS" starttime="20221211 21:02:36.119" endtime="20221211 21:02:36.134"/>
</kw>
<kw name="Element Should Be Focused" library="SeleniumLibrary">
<arg>login-button</arg>
<doc>Verifies that element identified by ``locator`` is focused.</doc>
<status status="PASS" starttime="20221211 21:02:36.135" endtime="20221211 21:02:36.149"/>
</kw>
<status status="PASS" starttime="20221211 21:02:32.888" endtime="20221211 21:02:36.149"/>
</test>
<test id="s1-t2" name="Check Focus&amp;Voice Logout Homepage" line="49">
<kw name="Login">
<kw name="Click Element" library="SeleniumLibrary">
<arg>id:login-button</arg>
<doc>Click the element identified by ``locator``.</doc>
<msg timestamp="20221211 21:02:36.152" level="INFO">Clicking element 'id:login-button'.</msg>
<status status="PASS" starttime="20221211 21:02:36.151" endtime="20221211 21:02:38.339"/>
</kw>
<kw name="Input Text" library="SeleniumLibrary">
<arg>id:login-username</arg>
<arg>${username_text}</arg>
<doc>Types the given ``text`` into the text field identified by ``locator``.</doc>
<msg timestamp="20221211 21:02:38.340" level="INFO">Typing text '31kezuu765f6kappx6tnvoja57iy' into text field 'id:login-username'.</msg>
<status status="PASS" starttime="20221211 21:02:38.339" endtime="20221211 21:02:38.543"/>
</kw>
<kw name="Input Password" library="SeleniumLibrary">
<arg>id:login-password</arg>
<arg>${password_text}</arg>
<doc>Types the given password into the text field identified by ``locator``.</doc>
<msg timestamp="20221211 21:02:38.543" level="INFO">Typing password into text field 'id:login-password'.</msg>
<msg timestamp="20221211 21:02:38.574" level="INFO">Temporally setting log level to: NONE</msg>
<msg timestamp="20221211 21:02:38.640" level="INFO">Log level changed from NONE to INFO.</msg>
<status status="PASS" starttime="20221211 21:02:38.543" endtime="20221211 21:02:38.640"/>
</kw>
<kw name="Click Element" library="SeleniumLibrary">
<arg>id:login-button</arg>
<doc>Click the element identified by ``locator``.</doc>
<msg timestamp="20221211 21:02:38.640" level="INFO">Clicking element 'id:login-button'.</msg>
<status status="PASS" starttime="20221211 21:02:38.640" endtime="20221211 21:02:38.677"/>
</kw>
<kw name="Wait Until Element Is Visible" library="SeleniumLibrary">
<arg>//*[@id="root"]/div/div[2]/div/div/div[3]/button/div[1]</arg>
<doc>Waits until the element ``locator`` is visible.</doc>
<status status="PASS" starttime="20221211 21:02:38.677" endtime="20221211 21:02:40.078"/>
</kw>
<kw name="Click Element" library="SeleniumLibrary">
<arg>xpath://*[@id="root"]/div/div[2]/div/div/div[3]/button/div[1]</arg>
<doc>Click the element identified by ``locator``.</doc>
<msg timestamp="20221211 21:02:40.078" level="INFO">Clicking element 'xpath://*[@id="root"]/div/div[2]/div/div/div[3]/button/div[1]'.</msg>
<status status="PASS" starttime="20221211 21:02:40.078" endtime="20221211 21:02:40.118"/>
</kw>
<status status="PASS" starttime="20221211 21:02:36.151" endtime="20221211 21:02:40.118"/>
</kw>
<kw name="Wait Until Element Is Visible" library="SeleniumLibrary">
<arg>id:logout-button</arg>
<doc>Waits until the element ``locator`` is visible.</doc>
<status status="PASS" starttime="20221211 21:02:40.119" endtime="20221211 21:02:40.648"/>
</kw>
<kw name="Press Keys" library="SeleniumLibrary">
<arg>None</arg>
<arg>TAB</arg>
<doc>Simulates the user pressing key(s) to an element or on the active browser.</doc>
<msg timestamp="20221211 21:02:40.650" level="INFO">Sending key(s) ('TAB',) to page.</msg>
<msg timestamp="20221211 21:02:40.650" level="INFO">Pressing special key TAB to browser.</msg>
<msg timestamp="20221211 21:02:40.650" level="INFO">Releasing special key TAB.</msg>
<status status="PASS" starttime="20221211 21:02:40.649" endtime="20221211 21:02:40.662"/>
</kw>
<kw name="Element Should Be Focused" library="SeleniumLibrary">
<arg>id:logout-button</arg>
<doc>Verifies that element identified by ``locator`` is focused.</doc>
<status status="PASS" starttime="20221211 21:02:40.663" endtime="20221211 21:02:40.673"/>
</kw>
<status status="PASS" starttime="20221211 21:02:36.150" endtime="20221211 21:02:40.673"/>
</test>
<test id="s1-t3" name="Check Focus&amp;Voice Git Homepage" line="55">
<kw name="Press Keys" library="SeleniumLibrary">
<arg>None</arg>
<arg>TAB</arg>
<doc>Simulates the user pressing key(s) to an element or on the active browser.</doc>
<msg timestamp="20221211 21:02:40.675" level="INFO">Sending key(s) ('TAB',) to page.</msg>
<msg timestamp="20221211 21:02:40.675" level="INFO">Pressing special key TAB to browser.</msg>
<msg timestamp="20221211 21:02:40.675" level="INFO">Releasing special key TAB.</msg>
<status status="PASS" starttime="20221211 21:02:40.674" endtime="20221211 21:02:40.683"/>
</kw>
<kw name="Element Should Be Focused" library="SeleniumLibrary">
<arg>id:git-button</arg>
<doc>Verifies that element identified by ``locator`` is focused.</doc>
<status status="PASS" starttime="20221211 21:02:40.684" endtime="20221211 21:02:40.705"/>
</kw>
<status status="PASS" starttime="20221211 21:02:40.674" endtime="20221211 21:02:40.705"/>
</test>
<test id="s1-t4" name="Check Focus&amp;Voice AboutUs Homepage" line="59">
<kw name="Press Keys" library="SeleniumLibrary">
<arg>None</arg>
<arg>TAB</arg>
<doc>Simulates the user pressing key(s) to an element or on the active browser.</doc>
<msg timestamp="20221211 21:02:40.708" level="INFO">Sending key(s) ('TAB',) to page.</msg>
<msg timestamp="20221211 21:02:40.709" level="INFO">Pressing special key TAB to browser.</msg>
<msg timestamp="20221211 21:02:40.709" level="INFO">Releasing special key TAB.</msg>
<status status="PASS" starttime="20221211 21:02:40.708" endtime="20221211 21:02:40.716"/>
</kw>
<kw name="Element Should Be Focused" library="SeleniumLibrary">
<arg>id:ab-button</arg>
<doc>Verifies that element identified by ``locator`` is focused.</doc>
<status status="PASS" starttime="20221211 21:02:40.717" endtime="20221211 21:02:40.733"/>
</kw>
<kw name="Press Keys" library="SeleniumLibrary">
<arg>None</arg>
<arg>RETURN</arg>
<doc>Simulates the user pressing key(s) to an element or on the active browser.</doc>
<msg timestamp="20221211 21:02:40.734" level="INFO">Sending key(s) ('RETURN',) to page.</msg>
<msg timestamp="20221211 21:02:40.735" level="INFO">Pressing special key RETURN to browser.</msg>
<msg timestamp="20221211 21:02:40.735" level="INFO">Releasing special key RETURN.</msg>
<status status="PASS" starttime="20221211 21:02:40.734" endtime="20221211 21:02:40.763"/>
</kw>
<kw name="Press Keys" library="SeleniumLibrary">
<arg>None</arg>
<arg>TAB</arg>
<doc>Simulates the user pressing key(s) to an element or on the active browser.</doc>
<msg timestamp="20221211 21:02:40.764" level="INFO">Sending key(s) ('TAB',) to page.</msg>
<msg timestamp="20221211 21:02:40.764" level="INFO">Pressing special key TAB to browser.</msg>
<msg timestamp="20221211 21:02:40.764" level="INFO">Releasing special key TAB.</msg>
<status status="PASS" starttime="20221211 21:02:40.763" endtime="20221211 21:02:40.805"/>
</kw>
<kw name="Element Should Be Focused" library="SeleniumLibrary">
<arg>id:ab1</arg>
<doc>Verifies that element identified by ``locator`` is focused.</doc>
<status status="PASS" starttime="20221211 21:02:40.806" endtime="20221211 21:02:40.818"/>
</kw>
<kw name="Press Keys" library="SeleniumLibrary">
<arg>None</arg>
<arg>TAB</arg>
<doc>Simulates the user pressing key(s) to an element or on the active browser.</doc>
<msg timestamp="20221211 21:02:40.819" level="INFO">Sending key(s) ('TAB',) to page.</msg>
<msg timestamp="20221211 21:02:40.819" level="INFO">Pressing special key TAB to browser.</msg>
<msg timestamp="20221211 21:02:40.819" level="INFO">Releasing special key TAB.</msg>
<status status="PASS" starttime="20221211 21:02:40.819" endtime="20221211 21:02:40.825"/>
</kw>
<kw name="Element Should Be Focused" library="SeleniumLibrary">
<arg>id:ab2</arg>
<doc>Verifies that element identified by ``locator`` is focused.</doc>
<status status="PASS" starttime="20221211 21:02:40.826" endtime="20221211 21:02:40.853"/>
</kw>
<kw name="Press Keys" library="SeleniumLibrary">
<arg>None</arg>
<arg>TAB</arg>
<doc>Simulates the user pressing key(s) to an element or on the active browser.</doc>
<msg timestamp="20221211 21:02:40.854" level="INFO">Sending key(s) ('TAB',) to page.</msg>
<msg timestamp="20221211 21:02:40.855" level="INFO">Pressing special key TAB to browser.</msg>
<msg timestamp="20221211 21:02:40.855" level="INFO">Releasing special key TAB.</msg>
<status status="PASS" starttime="20221211 21:02:40.854" endtime="20221211 21:02:40.861"/>
</kw>
<kw name="Element Should Be Focused" library="SeleniumLibrary">
<arg>id:ab3</arg>
<doc>Verifies that element identified by ``locator`` is focused.</doc>
<status status="PASS" starttime="20221211 21:02:40.861" endtime="20221211 21:02:40.875"/>
</kw>
<kw name="Press Keys" library="SeleniumLibrary">
<arg>None</arg>
<arg>TAB</arg>
<doc>Simulates the user pressing key(s) to an element or on the active browser.</doc>
<msg timestamp="20221211 21:02:40.877" level="INFO">Sending key(s) ('TAB',) to page.</msg>
<msg timestamp="20221211 21:02:40.877" level="INFO">Pressing special key TAB to browser.</msg>
<msg timestamp="20221211 21:02:40.877" level="INFO">Releasing special key TAB.</msg>
<status status="PASS" starttime="20221211 21:02:40.876" endtime="20221211 21:02:40.904"/>
</kw>
<kw name="Element Should Be Focused" library="SeleniumLibrary">
<arg>id:ab4</arg>
<doc>Verifies that element identified by ``locator`` is focused.</doc>
<status status="PASS" starttime="20221211 21:02:40.904" endtime="20221211 21:02:40.918"/>
</kw>
<kw name="Press Keys" library="SeleniumLibrary">
<arg>None</arg>
<arg>TAB</arg>
<doc>Simulates the user pressing key(s) to an element or on the active browser.</doc>
<msg timestamp="20221211 21:02:40.919" level="INFO">Sending key(s) ('TAB',) to page.</msg>
<msg timestamp="20221211 21:02:40.919" level="INFO">Pressing special key TAB to browser.</msg>
<msg timestamp="20221211 21:02:40.919" level="INFO">Releasing special key TAB.</msg>
<status status="PASS" starttime="20221211 21:02:40.918" endtime="20221211 21:02:40.924"/>
</kw>
<kw name="Element Should Be Focused" library="SeleniumLibrary">
<arg>id:ab5</arg>
<doc>Verifies that element identified by ``locator`` is focused.</doc>
<status status="PASS" starttime="20221211 21:02:40.925" endtime="20221211 21:02:40.972"/>
</kw>
<kw name="Press Keys" library="SeleniumLibrary">
<arg>None</arg>
<arg>TAB</arg>
<doc>Simulates the user pressing key(s) to an element or on the active browser.</doc>
<msg timestamp="20221211 21:02:40.973" level="INFO">Sending key(s) ('TAB',) to page.</msg>
<msg timestamp="20221211 21:02:40.973" level="INFO">Pressing special key TAB to browser.</msg>
<msg timestamp="20221211 21:02:40.973" level="INFO">Releasing special key TAB.</msg>
<status status="PASS" starttime="20221211 21:02:40.973" endtime="20221211 21:02:40.979"/>
</kw>
<kw name="Element Should Be Focused" library="SeleniumLibrary">
<arg>id:ab6</arg>
<doc>Verifies that element identified by ``locator`` is focused.</doc>
<status status="PASS" starttime="20221211 21:02:40.979" endtime="20221211 21:02:40.990"/>
</kw>
<kw name="Press Keys" library="SeleniumLibrary">
<arg>None</arg>
<arg>TAB</arg>
<doc>Simulates the user pressing key(s) to an element or on the active browser.</doc>
<msg timestamp="20221211 21:02:40.991" level="INFO">Sending key(s) ('TAB',) to page.</msg>
<msg timestamp="20221211 21:02:40.991" level="INFO">Pressing special key TAB to browser.</msg>
<msg timestamp="20221211 21:02:40.991" level="INFO">Releasing special key TAB.</msg>
<status status="PASS" starttime="20221211 21:02:40.990" endtime="20221211 21:02:40.995"/>
</kw>
<kw name="Element Should Be Focused" library="SeleniumLibrary">
<arg>id:ab7</arg>
<doc>Verifies that element identified by ``locator`` is focused.</doc>
<status status="PASS" starttime="20221211 21:02:40.995" endtime="20221211 21:02:41.047"/>
</kw>
<kw name="Press Keys" library="SeleniumLibrary">
<arg>None</arg>
<arg>TAB</arg>
<doc>Simulates the user pressing key(s) to an element or on the active browser.</doc>
<msg timestamp="20221211 21:02:41.047" level="INFO">Sending key(s) ('TAB',) to page.</msg>
<msg timestamp="20221211 21:02:41.048" level="INFO">Pressing special key TAB to browser.</msg>
<msg timestamp="20221211 21:02:41.048" level="INFO">Releasing special key TAB.</msg>
<status status="PASS" starttime="20221211 21:02:41.047" endtime="20221211 21:02:41.053"/>
</kw>
<kw name="Element Should Be Focused" library="SeleniumLibrary">
<arg>id:ab8</arg>
<doc>Verifies that element identified by ``locator`` is focused.</doc>
<status status="PASS" starttime="20221211 21:02:41.053" endtime="20221211 21:02:41.065"/>
</kw>
<kw name="Press Keys" library="SeleniumLibrary">
<arg>None</arg>
<arg>SHIFT+C</arg>
<doc>Simulates the user pressing key(s) to an element or on the active browser.</doc>
<msg timestamp="20221211 21:02:41.065" level="INFO">Sending key(s) ('SHIFT+C',) to page.</msg>
<msg timestamp="20221211 21:02:41.065" level="INFO">Pressing special key SHIFT down.</msg>
<msg timestamp="20221211 21:02:41.065" level="INFO">Sending key C</msg>
<msg timestamp="20221211 21:02:41.065" level="INFO">Releasing special key SHIFT.</msg>
<status status="PASS" starttime="20221211 21:02:41.065" endtime="20221211 21:02:41.107"/>
</kw>
<status status="PASS" starttime="20221211 21:02:40.707" endtime="20221211 21:02:41.108"/>
</test>
<test id="s1-t5" name="Check Focus&amp;Voice Music Homepage" line="81">
<kw name="Press Keys" library="SeleniumLibrary">
<arg>None</arg>
<arg>TAB</arg>
<doc>Simulates the user pressing key(s) to an element or on the active browser.</doc>
<msg timestamp="20221211 21:02:41.110" level="INFO">Sending key(s) ('TAB',) to page.</msg>
<msg timestamp="20221211 21:02:41.110" level="INFO">Pressing special key TAB to browser.</msg>
<msg timestamp="20221211 21:02:41.110" level="INFO">Releasing special key TAB.</msg>
<status status="PASS" starttime="20221211 21:02:41.110" endtime="20221211 21:02:41.116"/>
</kw>
<kw name="Element Should Be Focused" library="SeleniumLibrary">
<arg>id:ms</arg>
<doc>Verifies that element identified by ``locator`` is focused.</doc>
<status status="PASS" starttime="20221211 21:02:41.116" endtime="20221211 21:02:41.128"/>
</kw>
<kw name="Press Keys" library="SeleniumLibrary">
<arg>None</arg>
<arg>RETURN</arg>
<doc>Simulates the user pressing key(s) to an element or on the active browser.</doc>
<msg timestamp="20221211 21:02:41.129" level="INFO">Sending key(s) ('RETURN',) to page.</msg>
<msg timestamp="20221211 21:02:41.129" level="INFO">Pressing special key RETURN to browser.</msg>
<msg timestamp="20221211 21:02:41.129" level="INFO">Releasing special key RETURN.</msg>
<status status="PASS" starttime="20221211 21:02:41.128" endtime="20221211 21:02:41.146"/>
</kw>
<kw name="Element Should Be Enabled" library="SeleniumLibrary">
<arg>id:spotify</arg>
<doc>Verifies that element identified by ``locator`` is enabled.</doc>
<status status="PASS" starttime="20221211 21:02:41.147" endtime="20221211 21:02:41.178"/>
</kw>
<kw name="Press Keys" library="SeleniumLibrary">
<arg>None</arg>
<arg>TAB</arg>
<doc>Simulates the user pressing key(s) to an element or on the active browser.</doc>
<msg timestamp="20221211 21:02:41.179" level="INFO">Sending key(s) ('TAB',) to page.</msg>
<msg timestamp="20221211 21:02:41.179" level="INFO">Pressing special key TAB to browser.</msg>
<msg timestamp="20221211 21:02:41.179" level="INFO">Releasing special key TAB.</msg>
<status status="PASS" starttime="20221211 21:02:41.178" endtime="20221211 21:02:41.187"/>
</kw>
<kw name="Element Should Be Focused" library="SeleniumLibrary">
<arg>id:ms1</arg>
<doc>Verifies that element identified by ``locator`` is focused.</doc>
<status status="PASS" starttime="20221211 21:02:41.188" endtime="20221211 21:02:41.203"/>
</kw>
<kw name="Press Keys" library="SeleniumLibrary">
<arg>None</arg>
<arg>TAB</arg>
<doc>Simulates the user pressing key(s) to an element or on the active browser.</doc>
<msg timestamp="20221211 21:02:41.204" level="INFO">Sending key(s) ('TAB',) to page.</msg>
<msg timestamp="20221211 21:02:41.204" level="INFO">Pressing special key TAB to browser.</msg>
<msg timestamp="20221211 21:02:41.204" level="INFO">Releasing special key TAB.</msg>
<status status="PASS" starttime="20221211 21:02:41.204" endtime="20221211 21:02:41.211"/>
</kw>
<kw name="Element Should Be Focused" library="SeleniumLibrary">
<arg>id:ms2</arg>
<doc>Verifies that element identified by ``locator`` is focused.</doc>
<status status="PASS" starttime="20221211 21:02:41.211" endtime="20221211 21:02:41.224"/>
</kw>
<kw name="Click Element" library="SeleniumLibrary">
<arg>id:ms3</arg>
<doc>Click the element identified by ``locator``.</doc>
<msg timestamp="20221211 21:02:41.225" level="INFO">Clicking element 'id:ms3'.</msg>
<status status="PASS" starttime="20221211 21:02:41.225" endtime="20221211 21:02:41.265"/>
</kw>
<kw name="Press Keys" library="SeleniumLibrary">
<arg>None</arg>
<arg>TAB</arg>
<doc>Simulates the user pressing key(s) to an element or on the active browser.</doc>
<msg timestamp="20221211 21:02:41.267" level="INFO">Sending key(s) ('TAB',) to page.</msg>
<msg timestamp="20221211 21:02:41.267" level="INFO">Pressing special key TAB to browser.</msg>
<msg timestamp="20221211 21:02:41.267" level="INFO">Releasing special key TAB.</msg>
<status status="PASS" starttime="20221211 21:02:41.266" endtime="20221211 21:02:41.272"/>
</kw>
<kw name="Element Should Be Focused" library="SeleniumLibrary">
<arg>id:1</arg>
<doc>Verifies that element identified by ``locator`` is focused.</doc>
<status status="PASS" starttime="20221211 21:02:41.273" endtime="20221211 21:02:41.285"/>
</kw>
<kw name="Press Keys" library="SeleniumLibrary">
<arg>None</arg>
<arg>TAB</arg>
<doc>Simulates the user pressing key(s) to an element or on the active browser.</doc>
<msg timestamp="20221211 21:02:41.286" level="INFO">Sending key(s) ('TAB',) to page.</msg>
<msg timestamp="20221211 21:02:41.286" level="INFO">Pressing special key TAB to browser.</msg>
<msg timestamp="20221211 21:02:41.286" level="INFO">Releasing special key TAB.</msg>
<status status="PASS" starttime="20221211 21:02:41.286" endtime="20221211 21:02:41.326"/>
</kw>
<kw name="Element Should Be Focused" library="SeleniumLibrary">
<arg>id:2</arg>
<doc>Verifies that element identified by ``locator`` is focused.</doc>
<status status="PASS" starttime="20221211 21:02:41.326" endtime="20221211 21:02:41.339"/>
</kw>
<kw name="Press Keys" library="SeleniumLibrary">
<arg>None</arg>
<arg>TAB</arg>
<doc>Simulates the user pressing key(s) to an element or on the active browser.</doc>
<msg timestamp="20221211 21:02:41.340" level="INFO">Sending key(s) ('TAB',) to page.</msg>
<msg timestamp="20221211 21:02:41.340" level="INFO">Pressing special key TAB to browser.</msg>
<msg timestamp="20221211 21:02:41.340" level="INFO">Releasing special key TAB.</msg>
<status status="PASS" starttime="20221211 21:02:41.339" endtime="20221211 21:02:41.346"/>
</kw>
<kw name="Element Should Be Focused" library="SeleniumLibrary">
<arg>id:3</arg>
<doc>Verifies that element identified by ``locator`` is focused.</doc>
<status status="PASS" starttime="20221211 21:02:41.346" endtime="20221211 21:02:41.358"/>
</kw>
<kw name="Press Keys" library="SeleniumLibrary">
<arg>None</arg>
<arg>SHIFT+C</arg>
<doc>Simulates the user pressing key(s) to an element or on the active browser.</doc>
<msg timestamp="20221211 21:02:41.359" level="INFO">Sending key(s) ('SHIFT+C',) to page.</msg>
<msg timestamp="20221211 21:02:41.359" level="INFO">Pressing special key SHIFT down.</msg>
<msg timestamp="20221211 21:02:41.359" level="INFO">Sending key C</msg>
<msg timestamp="20221211 21:02:41.359" level="INFO">Releasing special key SHIFT.</msg>
<status status="PASS" starttime="20221211 21:02:41.359" endtime="20221211 21:02:41.429"/>
</kw>
<kw name="Close Browser" library="SeleniumLibrary">
<doc>Closes the current browser.</doc>
<status status="PASS" starttime="20221211 21:02:41.430" endtime="20221211 21:02:43.535"/>
</kw>
<status status="PASS" starttime="20221211 21:02:41.109" endtime="20221211 21:02:43.536"/>
</test>
<test id="s1-t6" name="Test Music-Playlist" line="100">
<kw name="Open Browser To Login Page">
<kw name="Open Browser" library="SeleniumLibrary">
<arg>${SERVER}</arg>
<arg>${BROWSER}</arg>
<doc>Opens a new browser instance to the optional ``url``.</doc>
<msg timestamp="20221211 21:02:43.538" level="INFO">Opening browser 'chrome' to base url 'http://localhost:3000'.</msg>
<status status="PASS" starttime="20221211 21:02:43.538" endtime="20221211 21:02:46.440"/>
</kw>
<kw name="Maximize Browser Window" library="SeleniumLibrary">
<doc>Maximizes current browser window.</doc>
<status status="PASS" starttime="20221211 21:02:46.440" endtime="20221211 21:02:46.573"/>
</kw>
<kw name="Set Selenium Speed" library="SeleniumLibrary">
<arg>${DELAY}</arg>
<doc>Sets the delay that is waited after each Selenium command.</doc>
<status status="PASS" starttime="20221211 21:02:46.573" endtime="20221211 21:02:46.573"/>
</kw>
<kw name="Title Should Be" library="SeleniumLibrary">
<arg>Sea-M</arg>
<doc>Verifies that the current page title equals ``title``.</doc>
<msg timestamp="20221211 21:02:46.579" level="INFO">Page title is 'Sea-M'.</msg>
<status status="PASS" starttime="20221211 21:02:46.573" endtime="20221211 21:02:46.579"/>
</kw>
<status status="PASS" starttime="20221211 21:02:43.538" endtime="20221211 21:02:46.579"/>
</kw>
<kw name="Login">
<kw name="Click Element" library="SeleniumLibrary">
<arg>id:login-button</arg>
<doc>Click the element identified by ``locator``.</doc>
<msg timestamp="20221211 21:02:46.581" level="INFO">Clicking element 'id:login-button'.</msg>
<status status="PASS" starttime="20221211 21:02:46.580" endtime="20221211 21:02:48.577"/>
</kw>
<kw name="Input Text" library="SeleniumLibrary">
<arg>id:login-username</arg>
<arg>${username_text}</arg>
<doc>Types the given ``text`` into the text field identified by ``locator``.</doc>
<msg timestamp="20221211 21:02:48.578" level="INFO">Typing text '31kezuu765f6kappx6tnvoja57iy' into text field 'id:login-username'.</msg>
<status status="PASS" starttime="20221211 21:02:48.577" endtime="20221211 21:02:48.776"/>
</kw>
<kw name="Input Password" library="SeleniumLibrary">
<arg>id:login-password</arg>
<arg>${password_text}</arg>
<doc>Types the given password into the text field identified by ``locator``.</doc>
<msg timestamp="20221211 21:02:48.776" level="INFO">Typing password into text field 'id:login-password'.</msg>
<msg timestamp="20221211 21:02:48.808" level="INFO">Temporally setting log level to: NONE</msg>
<msg timestamp="20221211 21:02:48.873" level="INFO">Log level changed from NONE to INFO.</msg>
<status status="PASS" starttime="20221211 21:02:48.776" endtime="20221211 21:02:48.873"/>
</kw>
<kw name="Click Element" library="SeleniumLibrary">
<arg>id:login-button</arg>
<doc>Click the element identified by ``locator``.</doc>
<msg timestamp="20221211 21:02:48.873" level="INFO">Clicking element 'id:login-button'.</msg>
<status status="PASS" starttime="20221211 21:02:48.873" endtime="20221211 21:02:48.912"/>
</kw>
<kw name="Wait Until Element Is Visible" library="SeleniumLibrary">
<arg>//*[@id="root"]/div/div[2]/div/div/div[3]/button/div[1]</arg>
<doc>Waits until the element ``locator`` is visible.</doc>
<status status="PASS" starttime="20221211 21:02:48.912" endtime="20221211 21:02:50.000"/>
</kw>
<kw name="Click Element" library="SeleniumLibrary">
<arg>xpath://*[@id="root"]/div/div[2]/div/div/div[3]/button/div[1]</arg>
<doc>Click the element identified by ``locator``.</doc>
<msg timestamp="20221211 21:02:50.000" level="INFO">Clicking element 'xpath://*[@id="root"]/div/div[2]/div/div/div[3]/button/div[1]'.</msg>
<status status="PASS" starttime="20221211 21:02:50.000" endtime="20221211 21:02:50.043"/>
</kw>
<status status="PASS" starttime="20221211 21:02:46.580" endtime="20221211 21:02:50.043"/>
</kw>
<kw name="Wait Until Element Is Visible" library="SeleniumLibrary">
<arg>id:logout-button</arg>
<doc>Waits until the element ``locator`` is visible.</doc>
<status status="PASS" starttime="20221211 21:02:50.044" endtime="20221211 21:02:50.588"/>
</kw>
<kw name="Click Element" library="SeleniumLibrary">
<arg>id:music-box</arg>
<doc>Click the element identified by ``locator``.</doc>
<msg timestamp="20221211 21:02:50.589" level="INFO">Clicking element 'id:music-box'.</msg>
<status status="PASS" starttime="20221211 21:02:50.589" endtime="20221211 21:02:50.667"/>
</kw>
<kw name="Wait Until Element Is Visible" library="SeleniumLibrary">
<arg>id:close-modal</arg>
<doc>Waits until the element ``locator`` is visible.</doc>
<status status="PASS" starttime="20221211 21:02:50.667" endtime="20221211 21:02:50.689"/>
</kw>
<kw name="Click Element" library="SeleniumLibrary">
<arg>id:1</arg>
<doc>Click the element identified by ``locator``.</doc>
<msg timestamp="20221211 21:02:50.690" level="INFO">Clicking element 'id:1'.</msg>
<status status="PASS" starttime="20221211 21:02:50.690" endtime="20221211 21:02:50.739"/>
</kw>
<kw name="Sleep" library="BuiltIn">
<arg>5s</arg>
<doc>Pauses the test executed for the given time.</doc>
<msg timestamp="20221211 21:02:55.741" level="INFO">Slept 5 seconds</msg>
<status status="PASS" starttime="20221211 21:02:50.740" endtime="20221211 21:02:55.741"/>
</kw>
<kw name="Select Frame" library="SeleniumLibrary">
<arg>id:spotify</arg>
<doc>Sets frame identified by ``locator`` as the current frame.</doc>
<msg timestamp="20221211 21:02:55.742" level="INFO">Selecting frame 'id:spotify'.</msg>
<status status="PASS" starttime="20221211 21:02:55.742" endtime="20221211 21:02:55.767"/>
</kw>
<kw name="Current Frame Should Contain" library="SeleniumLibrary">
<arg>Morning Music</arg>
<doc>Verifies that the current frame contains ``text``.</doc>
<msg timestamp="20221211 21:02:55.778" level="INFO">Current frame contains text 'Morning Music'.</msg>
<status status="PASS" starttime="20221211 21:02:55.767" endtime="20221211 21:02:55.778"/>
</kw>
<kw name="Unselect Frame" library="SeleniumLibrary">
<doc>Sets the main frame as the current frame.</doc>
<status status="PASS" starttime="20221211 21:02:55.778" endtime="20221211 21:02:55.781"/>
</kw>
<kw name="Click Element" library="SeleniumLibrary">
<arg>id:2</arg>
<doc>Click the element identified by ``locator``.</doc>
<msg timestamp="20221211 21:02:55.781" level="INFO">Clicking element 'id:2'.</msg>
<status status="PASS" starttime="20221211 21:02:55.781" endtime="20221211 21:02:55.824"/>
</kw>
<kw name="Sleep" library="BuiltIn">
<arg>5s</arg>
<doc>Pauses the test executed for the given time.</doc>
<msg timestamp="20221211 21:03:00.840" level="INFO">Slept 5 seconds</msg>
<status status="PASS" starttime="20221211 21:02:55.824" endtime="20221211 21:03:00.840"/>
</kw>
<kw name="Select Frame" library="SeleniumLibrary">
<arg>id:spotify</arg>
<doc>Sets frame identified by ``locator`` as the current frame.</doc>
<msg timestamp="20221211 21:03:00.840" level="INFO">Selecting frame 'id:spotify'.</msg>
<status status="PASS" starttime="20221211 21:03:00.840" endtime="20221211 21:03:00.857"/>
</kw>
<kw name="Current Frame Should Contain" library="SeleniumLibrary">
<arg>RELAX CHILLOUT MUSIC, Relaxing Music, Study Music, Lofi, Ambient Music, Chill Music,Background Music</arg>
<doc>Verifies that the current frame contains ``text``.</doc>
<msg timestamp="20221211 21:03:00.868" level="INFO">Current frame contains text 'RELAX CHILLOUT MUSIC, Relaxing Music, Study Music, Lofi, Ambient Music, Chill Music,Background Music'.</msg>
<status status="PASS" starttime="20221211 21:03:00.857" endtime="20221211 21:03:00.868"/>
</kw>
<kw name="Unselect Frame" library="SeleniumLibrary">
<doc>Sets the main frame as the current frame.</doc>
<status status="PASS" starttime="20221211 21:03:00.869" endtime="20221211 21:03:00.872"/>
</kw>
<kw name="Click Element" library="SeleniumLibrary">
<arg>id:3</arg>
<doc>Click the element identified by ``locator``.</doc>
<msg timestamp="20221211 21:03:00.873" level="INFO">Clicking element 'id:3'.</msg>
<status status="PASS" starttime="20221211 21:03:00.872" endtime="20221211 21:03:00.914"/>
</kw>
<kw name="Sleep" library="BuiltIn">
<arg>5s</arg>
<doc>Pauses the test executed for the given time.</doc>
<msg timestamp="20221211 21:03:05.928" level="INFO">Slept 5 seconds</msg>
<status status="PASS" starttime="20221211 21:03:00.915" endtime="20221211 21:03:05.928"/>
</kw>
<kw name="Select Frame" library="SeleniumLibrary">
<arg>id:spotify</arg>
<doc>Sets frame identified by ``locator`` as the current frame.</doc>
<msg timestamp="20221211 21:03:05.929" level="INFO">Selecting frame 'id:spotify'.</msg>
<status status="PASS" starttime="20221211 21:03:05.929" endtime="20221211 21:03:05.943"/>
</kw>
<kw name="Current Frame Should Contain" library="SeleniumLibrary">
<arg>This is Chill out - Sunset Beach Chill out Playlist</arg>
<doc>Verifies that the current frame contains ``text``.</doc>
<msg timestamp="20221211 21:03:05.953" level="INFO">Current frame contains text 'This is Chill out - Sunset Beach Chill out Playlist'.</msg>
<status status="PASS" starttime="20221211 21:03:05.944" endtime="20221211 21:03:05.953"/>
</kw>
<kw name="Unselect Frame" library="SeleniumLibrary">
<doc>Sets the main frame as the current frame.</doc>
<status status="PASS" starttime="20221211 21:03:05.953" endtime="20221211 21:03:05.956"/>
</kw>
<kw name="Click Element" library="SeleniumLibrary">
<arg>id:close-modal</arg>
<doc>Click the element identified by ``locator``.</doc>
<msg timestamp="20221211 21:03:05.957" level="INFO">Clicking element 'id:close-modal'.</msg>
<status status="PASS" starttime="20221211 21:03:05.956" endtime="20221211 21:03:05.993"/>
</kw>
<kw name="Close Browser" library="SeleniumLibrary">
<doc>Closes the current browser.</doc>
<status status="PASS" starttime="20221211 21:03:05.994" endtime="20221211 21:03:08.088"/>
</kw>
<status status="PASS" starttime="20221211 21:02:43.537" endtime="20221211 21:03:08.088"/>
</test>
<test id="s1-t7" name="Test About-us" line="124">
<kw name="Open Browser To Login Page">
<kw name="Open Browser" library="SeleniumLibrary">
<arg>${SERVER}</arg>
<arg>${BROWSER}</arg>
<doc>Opens a new browser instance to the optional ``url``.</doc>
<msg timestamp="20221211 21:03:08.091" level="INFO">Opening browser 'chrome' to base url 'http://localhost:3000'.</msg>
<status status="PASS" starttime="20221211 21:03:08.090" endtime="20221211 21:03:10.985"/>
</kw>
<kw name="Maximize Browser Window" library="SeleniumLibrary">
<doc>Maximizes current browser window.</doc>
<status status="PASS" starttime="20221211 21:03:10.985" endtime="20221211 21:03:11.140"/>
</kw>
<kw name="Set Selenium Speed" library="SeleniumLibrary">
<arg>${DELAY}</arg>
<doc>Sets the delay that is waited after each Selenium command.</doc>
<status status="PASS" starttime="20221211 21:03:11.140" endtime="20221211 21:03:11.140"/>
</kw>
<kw name="Title Should Be" library="SeleniumLibrary">
<arg>Sea-M</arg>
<doc>Verifies that the current page title equals ``title``.</doc>
<msg timestamp="20221211 21:03:11.145" level="INFO">Page title is 'Sea-M'.</msg>
<status status="PASS" starttime="20221211 21:03:11.140" endtime="20221211 21:03:11.145"/>
</kw>
<status status="PASS" starttime="20221211 21:03:08.090" endtime="20221211 21:03:11.145"/>
</kw>
<kw name="Login">
<kw name="Click Element" library="SeleniumLibrary">
<arg>id:login-button</arg>
<doc>Click the element identified by ``locator``.</doc>
<msg timestamp="20221211 21:03:11.147" level="INFO">Clicking element 'id:login-button'.</msg>
<status status="PASS" starttime="20221211 21:03:11.146" endtime="20221211 21:03:13.675"/>
</kw>
<kw name="Input Text" library="SeleniumLibrary">
<arg>id:login-username</arg>
<arg>${username_text}</arg>
<doc>Types the given ``text`` into the text field identified by ``locator``.</doc>
<msg timestamp="20221211 21:03:13.676" level="INFO">Typing text '31kezuu765f6kappx6tnvoja57iy' into text field 'id:login-username'.</msg>
<status status="PASS" starttime="20221211 21:03:13.675" endtime="20221211 21:03:13.879"/>
</kw>
<kw name="Input Password" library="SeleniumLibrary">
<arg>id:login-password</arg>
<arg>${password_text}</arg>
<doc>Types the given password into the text field identified by ``locator``.</doc>
<msg timestamp="20221211 21:03:13.879" level="INFO">Typing password into text field 'id:login-password'.</msg>
<msg timestamp="20221211 21:03:13.911" level="INFO">Temporally setting log level to: NONE</msg>
<msg timestamp="20221211 21:03:13.976" level="INFO">Log level changed from NONE to INFO.</msg>
<status status="PASS" starttime="20221211 21:03:13.879" endtime="20221211 21:03:13.976"/>
</kw>
<kw name="Click Element" library="SeleniumLibrary">
<arg>id:login-button</arg>
<doc>Click the element identified by ``locator``.</doc>
<msg timestamp="20221211 21:03:13.976" level="INFO">Clicking element 'id:login-button'.</msg>
<status status="PASS" starttime="20221211 21:03:13.976" endtime="20221211 21:03:14.014"/>
</kw>
<kw name="Wait Until Element Is Visible" library="SeleniumLibrary">
<arg>//*[@id="root"]/div/div[2]/div/div/div[3]/button/div[1]</arg>
<doc>Waits until the element ``locator`` is visible.</doc>
<status status="PASS" starttime="20221211 21:03:14.015" endtime="20221211 21:03:15.347"/>
</kw>
<kw name="Click Element" library="SeleniumLibrary">
<arg>xpath://*[@id="root"]/div/div[2]/div/div/div[3]/button/div[1]</arg>
<doc>Click the element identified by ``locator``.</doc>
<msg timestamp="20221211 21:03:15.348" level="INFO">Clicking element 'xpath://*[@id="root"]/div/div[2]/div/div/div[3]/button/div[1]'.</msg>
<status status="PASS" starttime="20221211 21:03:15.347" endtime="20221211 21:03:15.387"/>
</kw>
<status status="PASS" starttime="20221211 21:03:11.146" endtime="20221211 21:03:15.387"/>
</kw>
<kw name="Wait Until Element Is Visible" library="SeleniumLibrary">
<arg>id:logout-button</arg>
<doc>Waits until the element ``locator`` is visible.</doc>
<status status="PASS" starttime="20221211 21:03:15.388" endtime="20221211 21:03:15.980"/>
</kw>
<kw name="Click Element" library="SeleniumLibrary">
<arg>id:about-us</arg>
<doc>Click the element identified by ``locator``.</doc>
<msg timestamp="20221211 21:03:15.981" level="INFO">Clicking element 'id:about-us'.</msg>
<status status="PASS" starttime="20221211 21:03:15.980" endtime="20221211 21:03:16.079"/>
</kw>
<kw name="Wait Until Element Is Visible" library="SeleniumLibrary">
<arg>//*[@id="wrapper"]/div/div/div/div[1]</arg>
<doc>Waits until the element ``locator`` is visible.</doc>
<status status="PASS" starttime="20221211 21:03:16.080" endtime="20221211 21:03:16.120"/>
</kw>
<kw name="Click Element" library="SeleniumLibrary">
<arg>id:close-modal</arg>
<doc>Click the element identified by ``locator``.</doc>
<msg timestamp="20221211 21:03:16.122" level="INFO">Clicking element 'id:close-modal'.</msg>
<status status="PASS" starttime="20221211 21:03:16.121" endtime="20221211 21:03:16.181"/>
</kw>
<kw name="Close Browser" library="SeleniumLibrary">
<doc>Closes the current browser.</doc>
<status status="PASS" starttime="20221211 21:03:16.181" endtime="20221211 21:03:18.272"/>
</kw>
<status status="PASS" starttime="20221211 21:03:08.090" endtime="20221211 21:03:18.273"/>
</test>
<test id="s1-t8" name="Test github" line="133">
<kw name="Open Browser To Login Page">
<kw name="Open Browser" library="SeleniumLibrary">
<arg>${SERVER}</arg>
<arg>${BROWSER}</arg>
<doc>Opens a new browser instance to the optional ``url``.</doc>
<msg timestamp="20221211 21:03:18.275" level="INFO">Opening browser 'chrome' to base url 'http://localhost:3000'.</msg>
<status status="PASS" starttime="20221211 21:03:18.275" endtime="20221211 21:03:21.175"/>
</kw>
<kw name="Maximize Browser Window" library="SeleniumLibrary">
<doc>Maximizes current browser window.</doc>
<status status="PASS" starttime="20221211 21:03:21.176" endtime="20221211 21:03:21.319"/>
</kw>
<kw name="Set Selenium Speed" library="SeleniumLibrary">
<arg>${DELAY}</arg>
<doc>Sets the delay that is waited after each Selenium command.</doc>
<status status="PASS" starttime="20221211 21:03:21.319" endtime="20221211 21:03:21.320"/>
</kw>
<kw name="Title Should Be" library="SeleniumLibrary">
<arg>Sea-M</arg>
<doc>Verifies that the current page title equals ``title``.</doc>
<msg timestamp="20221211 21:03:21.326" level="INFO">Page title is 'Sea-M'.</msg>
<status status="PASS" starttime="20221211 21:03:21.320" endtime="20221211 21:03:21.326"/>
</kw>
<status status="PASS" starttime="20221211 21:03:18.275" endtime="20221211 21:03:21.326"/>
</kw>
<kw name="Login">
<kw name="Click Element" library="SeleniumLibrary">
<arg>id:login-button</arg>
<doc>Click the element identified by ``locator``.</doc>
<msg timestamp="20221211 21:03:21.327" level="INFO">Clicking element 'id:login-button'.</msg>
<status status="PASS" starttime="20221211 21:03:21.327" endtime="20221211 21:03:23.486"/>
</kw>
<kw name="Input Text" library="SeleniumLibrary">
<arg>id:login-username</arg>
<arg>${username_text}</arg>
<doc>Types the given ``text`` into the text field identified by ``locator``.</doc>
<msg timestamp="20221211 21:03:23.487" level="INFO">Typing text '31kezuu765f6kappx6tnvoja57iy' into text field 'id:login-username'.</msg>
<status status="PASS" starttime="20221211 21:03:23.486" endtime="20221211 21:03:23.684"/>
</kw>
<kw name="Input Password" library="SeleniumLibrary">
<arg>id:login-password</arg>
<arg>${password_text}</arg>
<doc>Types the given password into the text field identified by ``locator``.</doc>
<msg timestamp="20221211 21:03:23.684" level="INFO">Typing password into text field 'id:login-password'.</msg>
<msg timestamp="20221211 21:03:23.715" level="INFO">Temporally setting log level to: NONE</msg>
<msg timestamp="20221211 21:03:23.779" level="INFO">Log level changed from NONE to INFO.</msg>
<status status="PASS" starttime="20221211 21:03:23.684" endtime="20221211 21:03:23.779"/>
</kw>
<kw name="Click Element" library="SeleniumLibrary">
<arg>id:login-button</arg>
<doc>Click the element identified by ``locator``.</doc>
<msg timestamp="20221211 21:03:23.779" level="INFO">Clicking element 'id:login-button'.</msg>
<status status="PASS" starttime="20221211 21:03:23.779" endtime="20221211 21:03:23.817"/>
</kw>
<kw name="Wait Until Element Is Visible" library="SeleniumLibrary">
<arg>//*[@id="root"]/div/div[2]/div/div/div[3]/button/div[1]</arg>
<doc>Waits until the element ``locator`` is visible.</doc>
<status status="PASS" starttime="20221211 21:03:23.818" endtime="20221211 21:03:24.869"/>
</kw>
<kw name="Click Element" library="SeleniumLibrary">
<arg>xpath://*[@id="root"]/div/div[2]/div/div/div[3]/button/div[1]</arg>
<doc>Click the element identified by ``locator``.</doc>
<msg timestamp="20221211 21:03:24.870" level="INFO">Clicking element 'xpath://*[@id="root"]/div/div[2]/div/div/div[3]/button/div[1]'.</msg>
<status status="PASS" starttime="20221211 21:03:24.870" endtime="20221211 21:03:24.915"/>
</kw>
<status status="PASS" starttime="20221211 21:03:21.326" endtime="20221211 21:03:24.915"/>
</kw>
<kw name="Wait Until Element Is Visible" library="SeleniumLibrary">
<arg>id:logout-button</arg>
<doc>Waits until the element ``locator`` is visible.</doc>
<status status="PASS" starttime="20221211 21:03:24.915" endtime="20221211 21:03:25.492"/>
</kw>
<kw name="Click Element" library="SeleniumLibrary">
<arg>id:github</arg>
<doc>Click the element identified by ``locator``.</doc>
<msg timestamp="20221211 21:03:25.493" level="INFO">Clicking element 'id:github'.</msg>
<status status="PASS" starttime="20221211 21:03:25.493" endtime="20221211 21:03:25.558"/>
</kw>
<kw name="Sleep" library="BuiltIn">
<arg>5s</arg>
<doc>Pauses the test executed for the given time.</doc>
<msg timestamp="20221211 21:03:30.571" level="INFO">Slept 5 seconds</msg>
<status status="PASS" starttime="20221211 21:03:25.558" endtime="20221211 21:03:30.571"/>
</kw>
<kw name="Close Browser" library="SeleniumLibrary">
<doc>Closes the current browser.</doc>
<status status="PASS" starttime="20221211 21:03:30.571" endtime="20221211 21:03:32.668"/>
</kw>
<status status="PASS" starttime="20221211 21:03:18.274" endtime="20221211 21:03:32.669"/>
</test>
<test id="s1-t9" name="Test All-shortcut-keys" line="141">
<kw name="Open Browser To Login Page">
<kw name="Open Browser" library="SeleniumLibrary">
<arg>${SERVER}</arg>
<arg>${BROWSER}</arg>
<doc>Opens a new browser instance to the optional ``url``.</doc>
<msg timestamp="20221211 21:03:32.671" level="INFO">Opening browser 'chrome' to base url 'http://localhost:3000'.</msg>
<status status="PASS" starttime="20221211 21:03:32.671" endtime="20221211 21:03:35.537"/>
</kw>
<kw name="Maximize Browser Window" library="SeleniumLibrary">
<doc>Maximizes current browser window.</doc>
<status status="PASS" starttime="20221211 21:03:35.537" endtime="20221211 21:03:35.688"/>
</kw>
<kw name="Set Selenium Speed" library="SeleniumLibrary">
<arg>${DELAY}</arg>
<doc>Sets the delay that is waited after each Selenium command.</doc>
<status status="PASS" starttime="20221211 21:03:35.689" endtime="20221211 21:03:35.689"/>
</kw>
<kw name="Title Should Be" library="SeleniumLibrary">
<arg>Sea-M</arg>
<doc>Verifies that the current page title equals ``title``.</doc>
<msg timestamp="20221211 21:03:35.693" level="INFO">Page title is 'Sea-M'.</msg>
<status status="PASS" starttime="20221211 21:03:35.689" endtime="20221211 21:03:35.693"/>
</kw>
<status status="PASS" starttime="20221211 21:03:32.671" endtime="20221211 21:03:35.694"/>
</kw>
<kw name="Login with Shortcutkey">
<kw name="Press Keys" library="SeleniumLibrary">
<arg>id:login-button</arg>
<arg>SHIFT+I</arg>
<doc>Simulates the user pressing key(s) to an element or on the active browser.</doc>
<msg timestamp="20221211 21:03:35.696" level="INFO">Sending key(s) ('SHIFT+I',) to id:login-button element.</msg>
<msg timestamp="20221211 21:03:38.137" level="INFO">Pressing special key SHIFT down.</msg>
<msg timestamp="20221211 21:03:38.137" level="INFO">Sending key I</msg>
<msg timestamp="20221211 21:03:38.137" level="INFO">Releasing special key SHIFT.</msg>
<status status="PASS" starttime="20221211 21:03:35.695" endtime="20221211 21:03:38.143"/>
</kw>
<kw name="Wait Until Element Is Visible" library="SeleniumLibrary">
<arg>id:login-username</arg>
<doc>Waits until the element ``locator`` is visible.</doc>
<status status="PASS" starttime="20221211 21:03:38.143" endtime="20221211 21:03:38.164"/>
</kw>
<kw name="Input Text" library="SeleniumLibrary">
<arg>id:login-username</arg>
<arg>${username_text}</arg>
<doc>Types the given ``text`` into the text field identified by ``locator``.</doc>
<msg timestamp="20221211 21:03:38.165" level="INFO">Typing text '31kezuu765f6kappx6tnvoja57iy' into text field 'id:login-username'.</msg>
<status status="PASS" starttime="20221211 21:03:38.164" endtime="20221211 21:03:38.357"/>
</kw>
<kw name="Input Password" library="SeleniumLibrary">
<arg>id:login-password</arg>
<arg>${password_text}</arg>
<doc>Types the given password into the text field identified by ``locator``.</doc>
<msg timestamp="20221211 21:03:38.357" level="INFO">Typing password into text field 'id:login-password'.</msg>
<msg timestamp="20221211 21:03:38.391" level="INFO">Temporally setting log level to: NONE</msg>
<msg timestamp="20221211 21:03:38.456" level="INFO">Log level changed from NONE to INFO.</msg>
<status status="PASS" starttime="20221211 21:03:38.357" endtime="20221211 21:03:38.456"/>
</kw>
<kw name="Click Element" library="SeleniumLibrary">
<arg>id:login-button</arg>
<doc>Click the element identified by ``locator``.</doc>
<msg timestamp="20221211 21:03:38.457" level="INFO">Clicking element 'id:login-button'.</msg>
<status status="PASS" starttime="20221211 21:03:38.456" endtime="20221211 21:03:38.496"/>
</kw>
<kw name="Wait Until Element Is Visible" library="SeleniumLibrary">
<arg>//*[@id="root"]/div/div[2]/div/div/div[3]/button/div[1]</arg>
<doc>Waits until the element ``locator`` is visible.</doc>
<status status="PASS" starttime="20221211 21:03:38.496" endtime="20221211 21:03:39.664"/>
</kw>
<kw name="Click Element" library="SeleniumLibrary">
<arg>xpath://*[@id="root"]/div/div[2]/div/div/div[3]/button/div[1]</arg>
<doc>Click the element identified by ``locator``.</doc>
<msg timestamp="20221211 21:03:39.665" level="INFO">Clicking element 'xpath://*[@id="root"]/div/div[2]/div/div/div[3]/button/div[1]'.</msg>
<status status="PASS" starttime="20221211 21:03:39.664" endtime="20221211 21:03:39.706"/>
</kw>
<status status="PASS" starttime="20221211 21:03:35.694" endtime="20221211 21:03:39.706"/>
</kw>
<kw name="Wait Until Element Is Visible" library="SeleniumLibrary">
<arg>id:music-box</arg>
<doc>Waits until the element ``locator`` is visible.</doc>
<status status="PASS" starttime="20221211 21:03:39.707" endtime="20221211 21:03:40.255"/>
</kw>
<kw name="Press Keys" library="SeleniumLibrary">
<arg>id:music-box</arg>
<arg>SHIFT+O</arg>
<doc>Simulates the user pressing key(s) to an element or on the active browser.</doc>
<msg timestamp="20221211 21:03:40.255" level="INFO">Sending key(s) ('SHIFT+O',) to id:music-box element.</msg>
<msg timestamp="20221211 21:03:40.571" level="INFO">Pressing special key SHIFT down.</msg>
<msg timestamp="20221211 21:03:40.571" level="INFO">Sending key O</msg>
<msg timestamp="20221211 21:03:40.571" level="INFO">Releasing special key SHIFT.</msg>
<status status="PASS" starttime="20221211 21:03:40.255" endtime="20221211 21:03:40.580"/>
</kw>
<kw name="Press Keys" library="SeleniumLibrary">
<arg>id:music-box</arg>
<arg>SHIFT+N</arg>
<doc>Simulates the user pressing key(s) to an element or on the active browser.</doc>
<msg timestamp="20221211 21:03:40.581" level="INFO">Sending key(s) ('SHIFT+N',) to id:music-box element.</msg>
<msg timestamp="20221211 21:03:40.862" level="INFO">Pressing special key SHIFT down.</msg>
<msg timestamp="20221211 21:03:40.862" level="INFO">Sending key N</msg>
<msg timestamp="20221211 21:03:40.862" level="INFO">Releasing special key SHIFT.</msg>
<status status="PASS" starttime="20221211 21:03:40.580" endtime="20221211 21:03:40.868"/>
</kw>
<kw name="Press Keys" library="SeleniumLibrary">
<arg>id:about-us</arg>
<arg>SHIFT+K</arg>
<doc>Simulates the user pressing key(s) to an element or on the active browser.</doc>
<msg timestamp="20221211 21:03:40.868" level="INFO">Sending key(s) ('SHIFT+K',) to id:about-us element.</msg>
<msg timestamp="20221211 21:03:41.167" level="INFO">Pressing special key SHIFT down.</msg>
<msg timestamp="20221211 21:03:41.167" level="INFO">Sending key K</msg>
<msg timestamp="20221211 21:03:41.167" level="INFO">Releasing special key SHIFT.</msg>
<status status="PASS" starttime="20221211 21:03:40.868" endtime="20221211 21:03:41.178"/>
</kw>
<kw name="Press Keys" library="SeleniumLibrary">
<arg>id:about-us</arg>
<arg>SHIFT+J</arg>
<doc>Simulates the user pressing key(s) to an element or on the active browser.</doc>
<msg timestamp="20221211 21:03:41.179" level="INFO">Sending key(s) ('SHIFT+J',) to id:about-us element.</msg>
<msg timestamp="20221211 21:03:41.448" level="INFO">Pressing special key SHIFT down.</msg>
<msg timestamp="20221211 21:03:41.448" level="INFO">Sending key J</msg>
<msg timestamp="20221211 21:03:41.448" level="INFO">Releasing special key SHIFT.</msg>
<status status="PASS" starttime="20221211 21:03:41.179" endtime="20221211 21:03:41.453"/>
</kw>
<kw name="Press Keys" library="SeleniumLibrary">
<arg>id:github</arg>
<arg>SHIFT+V</arg>
<doc>Simulates the user pressing key(s) to an element or on the active browser.</doc>
<msg timestamp="20221211 21:03:41.454" level="INFO">Sending key(s) ('SHIFT+V',) to id:github element.</msg>
<msg timestamp="20221211 21:03:41.787" level="INFO">Pressing special key SHIFT down.</msg>
<msg timestamp="20221211 21:03:41.787" level="INFO">Sending key V</msg>
<msg timestamp="20221211 21:03:41.787" level="INFO">Releasing special key SHIFT.</msg>
<status status="PASS" starttime="20221211 21:03:41.454" endtime="20221211 21:03:41.797"/>
</kw>
<kw name="Close Browser" library="SeleniumLibrary">
<doc>Closes the current browser.</doc>
<status status="PASS" starttime="20221211 21:03:41.798" endtime="20221211 21:03:43.888"/>
</kw>
<status status="PASS" starttime="20221211 21:03:32.670" endtime="20221211 21:03:43.889"/>
</test>
<status status="PASS" starttime="20221211 21:02:32.719" endtime="20221211 21:03:43.891"/>
</suite>
<statistics>
<total>
<stat pass="9" fail="0" skip="0">All Tests</stat>
</total>
<tag>
</tag>
<suite>
<stat pass="9" fail="0" skip="0" id="s1" name="Test Focus Voice">Test Focus Voice</stat>
</suite>
</statistics>
<errors>
</errors>
</robot>
